[    0.000000] Initializing cgroup subsys cpuset
[    0.000000] Initializing cgroup subsys cpu
[    0.000000] Initializing cgroup subsys cpuacct
[    0.000000] Linux version 4.4.0-116-generic (buildd@lgw01-amd64-021) (gcc version 5.4.0 20160609 (Ubuntu 5.4.0-6ubuntu1~16.04.9) ) #140-Ubuntu SMP Mon Feb 12 21:23:04 UTC 2018 (Ubuntu 4.4.0-116.140-generic 4.4.98)
[    0.000000] Command line: BOOT_IMAGE=/boot/vmlinuz-4.4.0-116-generic root=LABEL=cloudimg-rootfs ro console=tty1 console=ttyS0
[    0.000000] KERNEL supported cpus:
[    0.000000]   Intel GenuineIntel
[    0.000000]   AMD AuthenticAMD
[    0.000000]   Centaur CentaurHauls
[    0.000000] ------------[ cut here ]------------
[    0.000000] WARNING: CPU: 0 PID: 0 at /build/linux-fQ94TU/linux-4.4.0/arch/x86/kernel/fpu/xstate.c:517 fpu__init_system_xstate+0x38b/0x75a()
[    0.000000] XSAVE consistency problem, dumping leaves
[    0.000000] Modules linked in:
[    0.000000] CPU: 0 PID: 0 Comm: swapper Not tainted 4.4.0-116-generic #140-Ubuntu
[    0.000000]  0000000000000086 c194a3afd29bf22e ffffffff81e03d80 ffffffff813ffc13
[    0.000000]  ffffffff81e03dc8 ffffffff81caba68 ffffffff81e03db8 ffffffff810830f2
[    0.000000]  ffffffff81e03e48 ffffffff81e03e4c 0000000000000008 0000000000000100
[    0.000000] Call Trace:
[    0.000000]  [<ffffffff813ffc13>] dump_stack+0x63/0x90
[    0.000000]  [<ffffffff810830f2>] warn_slowpath_common+0x82/0xc0
[    0.000000]  [<ffffffff8108318c>] warn_slowpath_fmt+0x5c/0x80
[    0.000000]  [<ffffffff8107ed36>] ? xfeature_size+0x59/0x77
[    0.000000]  [<ffffffff81f72338>] fpu__init_system_xstate+0x38b/0x75a
[    0.000000]  [<ffffffff81f62120>] ? early_idt_handler_array+0x120/0x120
[    0.000000]  [<ffffffff81f71ca3>] fpu__init_system+0x10d/0x245
[    0.000000]  [<ffffffff81f72df1>] early_cpu_init+0x178/0x17d
[    0.000000]  [<ffffffff81f72df1>] ? early_cpu_init+0x178/0x17d
[    0.000000]  [<ffffffff81f6e1fb>] setup_arch+0xb4/0xd2b
[    0.000000]  [<ffffffff81f62120>] ? early_idt_handler_array+0x120/0x120
[    0.000000]  [<ffffffff81f62c7d>] start_kernel+0xe4/0x4b0
[    0.000000]  [<ffffffff81f62120>] ? early_idt_handler_array+0x120/0x120
[    0.000000]  [<ffffffff81f62339>] x86_64_start_reservations+0x2a/0x2c
[    0.000000]  [<ffffffff81f62485>] x86_64_start_kernel+0x14a/0x16d
[    0.000000] ---[ end trace 4d5ff9f2f68c4233 ]---
[    0.000000] CPUID[0d, 00]: eax=00000007 ebx=00000440 ecx=00000440 edx=00000000
[    0.000000] CPUID[0d, 01]: eax=00000000 ebx=00000440 ecx=00000000 edx=00000000
[    0.000000] CPUID[0d, 02]: eax=00000100 ebx=00000240 ecx=00000000 edx=00000000
[    0.000000] CPUID[0d, 03]: eax=00000000 ebx=00000000 ecx=00000000 edx=00000000
[    0.000000] CPUID[0d, 04]: eax=00000000 ebx=00000000 ecx=00000000 edx=00000000
[    0.000000] CPUID[0d, 05]: eax=00000000 ebx=00000000 ecx=00000000 edx=00000000
[    0.000000] CPUID[0d, 06]: eax=00000000 ebx=00000000 ecx=00000000 edx=00000000
[    0.000000] CPUID[0d, 07]: eax=00000000 ebx=00000000 ecx=00000000 edx=00000000
[    0.000000] CPUID[0d, 08]: eax=00000000 ebx=00000000 ecx=00000000 edx=00000000
[    0.000000] CPUID[0d, 09]: eax=00000000 ebx=00000000 ecx=00000000 edx=00000000
[    0.000000] CPUID[0d, 0a]: eax=00000000 ebx=00000000 ecx=00000000 edx=00000000
[    0.000000] CPUID[0d, 0b]: eax=00000000 ebx=00000000 ecx=00000000 edx=00000000
[    0.000000] CPUID[0d, 0c]: eax=00000000 ebx=00000000 ecx=00000000 edx=00000000
[    0.000000] CPUID[0d, 0d]: eax=00000000 ebx=00000000 ecx=00000000 edx=00000000
[    0.000000] CPUID[0d, 0e]: eax=00000000 ebx=00000000 ecx=00000000 edx=00000000
[    0.000000] CPUID[0d, 0f]: eax=00000000 ebx=00000000 ecx=00000000 edx=00000000
[    0.000000] CPUID[0d, 10]: eax=00000000 ebx=00000000 ecx=00000000 edx=00000000
[    0.000000] CPUID[0d, 11]: eax=00000000 ebx=00000000 ecx=00000000 edx=00000000
[    0.000000] x86/fpu: xstate_offset[2]:  576, xstate_sizes[2]:  256
[    0.000000] x86/fpu: Supporting XSAVE feature 0x01: 'x87 floating point registers'
[    0.000000] x86/fpu: Supporting XSAVE feature 0x02: 'SSE registers'
[    0.000000] x86/fpu: Supporting XSAVE feature 0x04: 'AVX registers'
[    0.000000] x86/fpu: Enabled xstate features 0x7, context size is 1088 bytes, using 'standard' format.
[    0.000000] x86/fpu: Using 'lazy' FPU context switches.
[    0.000000] e820: BIOS-provided physical RAM map:
[    0.000000] BIOS-e820: [mem 0x0000000000000000-0x000000000009fbff] usable
[    0.000000] BIOS-e820: [mem 0x000000000009fc00-0x000000000009ffff] reserved
[    0.000000] BIOS-e820: [mem 0x00000000000f0000-0x00000000000fffff] reserved
[    0.000000] BIOS-e820: [mem 0x0000000000100000-0x000000003ffeffff] usable
[    0.000000] BIOS-e820: [mem 0x000000003fff0000-0x000000003fffffff] ACPI data
[    0.000000] BIOS-e820: [mem 0x00000000fec00000-0x00000000fec00fff] reserved
[    0.000000] BIOS-e820: [mem 0x00000000fee00000-0x00000000fee00fff] reserved
[    0.000000] BIOS-e820: [mem 0x00000000fffc0000-0x00000000ffffffff] reserved
[    0.000000] NX (Execute Disable) protection: active
[    0.000000] SMBIOS 2.5 present.
[    0.000000] Hypervisor detected: KVM
[    0.000000] e820: last_pfn = 0x3fff0 max_arch_pfn = 0x400000000
[    0.000000] MTRR: Disabled
[    0.000000] x86/PAT: MTRRs disabled, skipping PAT initialization too.
[    0.000000] CPU MTRRs all blank - virtualized system.
[    0.000000] x86/PAT: Configuration [0-7]: WB  WT  UC- UC  WB  WT  UC- UC  
[    0.000000] found SMP MP-table at [mem 0x0009fff0-0x0009ffff] mapped at [ffff88000009fff0]
[    0.000000] Scanning 1 areas for low memory corruption
[    0.000000] RAMDISK: [mem 0x36ac2000-0x37558fff]
[    0.000000] ACPI: Early table checksum verification disabled
[    0.000000] ACPI: RSDP 0x00000000000E0000 000024 (v02 VBOX  )
[    0.000000] ACPI: XSDT 0x000000003FFF0030 00003C (v01 VBOX   VBOXXSDT 00000001 ASL  00000061)
[    0.000000] ACPI: FACP 0x000000003FFF00F0 0000F4 (v04 VBOX   VBOXFACP 00000001 ASL  00000061)
[    0.000000] ACPI: DSDT 0x000000003FFF0470 0021FF (v02 VBOX   VBOXBIOS 00000002 INTL 20100528)
[    0.000000] ACPI: FACS 0x000000003FFF0200 000040
[    0.000000] ACPI: FACS 0x000000003FFF0200 000040
[    0.000000] ACPI: APIC 0x000000003FFF0240 00005C (v02 VBOX   VBOXAPIC 00000001 ASL  00000061)
[    0.000000] ACPI: SSDT 0x000000003FFF02A0 0001CC (v01 VBOX   VBOXCPUT 00000002 INTL 20100528)
[    0.000000] No NUMA configuration found
[    0.000000] Faking a node at [mem 0x0000000000000000-0x000000003ffeffff]
[    0.000000] NODE_DATA(0) allocated [mem 0x3ffeb000-0x3ffeffff]
[    0.000000] kvm-clock: Using msrs 4b564d01 and 4b564d00
[    0.000000] kvm-clock: cpu 0, msr 0:3ffe3001, primary cpu clock
[    0.000000] kvm-clock: using sched offset of 3659213372 cycles
[    0.000000] clocksource: kvm-clock: mask: 0xffffffffffffffff max_cycles: 0x1cd42e4dffb, max_idle_ns: 881590591483 ns
[    0.000000] Zone ranges:
[    0.000000]   DMA      [mem 0x0000000000001000-0x0000000000ffffff]
[    0.000000]   DMA32    [mem 0x0000000001000000-0x000000003ffeffff]
[    0.000000]   Normal   empty
[    0.000000]   Device   empty
[    0.000000] Movable zone start for each node
[    0.000000] Early memory node ranges
[    0.000000]   node   0: [mem 0x0000000000001000-0x000000000009efff]
[    0.000000]   node   0: [mem 0x0000000000100000-0x000000003ffeffff]
[    0.000000] Initmem setup node 0 [mem 0x0000000000001000-0x000000003ffeffff]
[    0.000000] ACPI: PM-Timer IO Port: 0x4008
[    0.000000] IOAPIC[0]: apic_id 2, version 32, address 0xfec00000, GSI 0-23
[    0.000000] ACPI: INT_SRC_OVR (bus 0 bus_irq 0 global_irq 2 dfl dfl)
[    0.000000] ACPI: INT_SRC_OVR (bus 0 bus_irq 9 global_irq 9 high level)
[    0.000000] Using ACPI (MADT) for SMP configuration information
[    0.000000] smpboot: Allowing 2 CPUs, 0 hotplug CPUs
[    0.000000] PM: Registered nosave memory: [mem 0x00000000-0x00000fff]
[    0.000000] PM: Registered nosave memory: [mem 0x0009f000-0x0009ffff]
[    0.000000] PM: Registered nosave memory: [mem 0x000a0000-0x000effff]
[    0.000000] PM: Registered nosave memory: [mem 0x000f0000-0x000fffff]
[    0.000000] e820: [mem 0x40000000-0xfebfffff] available for PCI devices
[    0.000000] Booting paravirtualized kernel on KVM
[    0.000000] clocksource: refined-jiffies: mask: 0xffffffff max_cycles: 0xffffffff, max_idle_ns: 7645519600211568 ns
[    0.000000] setup_percpu: NR_CPUS:512 nr_cpumask_bits:512 nr_cpu_ids:2 nr_node_ids:1
[    0.000000] PERCPU: Embedded 34 pages/cpu @ffff88003fc00000 s99544 r8192 d31528 u1048576
[    0.000000] PV qspinlock hash table entries: 256 (order: 0, 4096 bytes)
[    0.000000] Built 1 zonelists in Node order, mobility grouping on.  Total pages: 257913
[    0.000000] Policy zone: DMA32
[    0.000000] Kernel command line: BOOT_IMAGE=/boot/vmlinuz-4.4.0-116-generic root=LABEL=cloudimg-rootfs ro console=tty1 console=ttyS0
[    0.000000] PID hash table entries: 4096 (order: 3, 32768 bytes)
[    0.000000] Memory: 1001688K/1048120K available (8530K kernel code, 1309K rwdata, 3992K rodata, 1508K init, 1316K bss, 46432K reserved, 0K cma-reserved)
[    0.000000] SLUB: HWalign=64, Order=0-3, MinObjects=0, CPUs=2, Nodes=1
[    0.000000] Kernel/User page tables isolation: enabled
[    0.000000] Hierarchical RCU implementation.
[    0.000000] 	Build-time adjustment of leaf fanout to 64.
[    0.000000] 	RCU restricting CPUs from NR_CPUS=512 to nr_cpu_ids=2.
[    0.000000] RCU: Adjusting geometry for rcu_fanout_leaf=64, nr_cpu_ids=2
[    0.000000] NR_IRQS:33024 nr_irqs:440 16
[    0.000000] Console: colour VGA+ 80x25
[    0.000000] console [tty1] enabled
[    0.000000] console [ttyS0] enabled
[    0.000000] tsc: Detected 2303.998 MHz processor
[   22.239658] Calibrating delay loop (skipped) preset value.. 4607.99 BogoMIPS (lpj=9215992)
[   22.426275] pid_max: default: 32768 minimum: 301
[   22.568549] ACPI: Core revision 20150930
[   22.673480] ACPI: 2 ACPI AML tables successfully acquired and loaded
[   22.846314] Security Framework initialized
[   22.949937] Yama: becoming mindful.
[   23.021282] AppArmor: AppArmor initialized
[   23.147061] Dentry cache hash table entries: 131072 (order: 8, 1048576 bytes)
[   23.307958] Inode-cache hash table entries: 65536 (order: 7, 524288 bytes)
[   23.445106] Mount-cache hash table entries: 2048 (order: 2, 16384 bytes)
[   23.625244] Mountpoint-cache hash table entries: 2048 (order: 2, 16384 bytes)
[   23.790297] Initializing cgroup subsys io
[   23.922778] Initializing cgroup subsys memory
[   24.058925] Initializing cgroup subsys devices
[   24.173149] Initializing cgroup subsys freezer
[   24.279956] Initializing cgroup subsys net_cls
[   24.408248] Initializing cgroup subsys perf_event
[   24.527967] Initializing cgroup subsys net_prio
[   24.650692] Initializing cgroup subsys hugetlb
[   24.755685] Initializing cgroup subsys pids
[   24.867610] CPU: Physical Processor ID: 0
[   24.967605] CPU: Processor Core ID: 0
[   25.075508] FEATURE SPEC_CTRL Not Present
[   25.204409] mce: CPU supports 0 MCE banks
[   25.287567] Last level iTLB entries: 4KB 64, 2MB 8, 4MB 8
[   25.409277] Last level dTLB entries: 4KB 64, 2MB 0, 4MB 0, 1GB 4
[   25.571598] Spectre V2 mitigation: Mitigation: Full generic retpoline
[   25.742268] Spectre V2 mitigation: Speculation control IBPB not-supported IBRS not-supported
[   25.954845] Freeing SMP alternatives memory: 32K
[   26.099158] ftrace: allocating 32186 entries in 126 pages
[   26.366016] smpboot: APIC(0) Converting physical 0 to logical package 0
[   26.538746] smpboot: Max logical packages: 1
[   26.624881] x2apic enabled
[   26.635682] Switched APIC routing to physical x2apic.
[   26.640339] ..TIMER: vector=0x30 apic1=0 pin1=2 apic2=-1 pin2=-1
[   26.868046] smpboot: CPU0: Intel(R) Core(TM) i3-6100U CPU @ 2.30GHz (family: 0x6, model: 0x4e, stepping: 0x3)
[   27.124589] Performance Events: unsupported p6 CPU model 78 no PMU driver, software events only.
[   27.300462] KVM setup paravirtual spinlock
[   27.387519] x86: Booting SMP configuration:
[   27.502394] .... node  #0, CPUs:      #1
[   27.625084] kvm-clock: cpu 1, msr 0:3ffe3041, secondary cpu clock
[   27.729366] mce: CPU supports 0 MCE banks
[   27.759170] x86: Booted up 1 node, 2 CPUs
[   27.853297] smpboot: Total of 2 processors activated (9215.99 BogoMIPS)
[   27.934977] devtmpfs: initialized
[   27.963778] evm: security.selinux
[   28.024458] evm: security.SMACK64
[   28.058118] evm: security.SMACK64EXEC
[   28.069484] evm: security.SMACK64TRANSMUTE
[   28.076361] evm: security.SMACK64MMAP
[   28.080143] evm: security.ima
[   28.084141] evm: security.capability
[   28.086542] clocksource: jiffies: mask: 0xffffffff max_cycles: 0xffffffff, max_idle_ns: 7645041785100000 ns
[   28.139199] futex hash table entries: 512 (order: 3, 32768 bytes)
[   28.185962] pinctrl core: initialized pinctrl subsystem
[   28.227277] RTC time: 10:05:22, date: 04/02/18
[   28.263017] NET: Registered protocol family 16
[   28.292925] cpuidle: using governor ladder
[   28.360713] cpuidle: using governor menu
[   28.426552] PCCT header not found.
[   28.473229] ACPI: bus type PCI registered
[   28.520396] acpiphp: ACPI Hot Plug PCI Controller Driver version: 0.5
[   28.607934] PCI: Using configuration type 1 for base access
[   28.646268] ACPI: Added _OSI(Module Device)
[   28.678555] ACPI: Added _OSI(Processor Device)
[   28.728768] ACPI: Added _OSI(3.0 _SCP Extensions)
[   28.746011] ACPI: Added _OSI(Processor Aggregator Device)
[   28.798411] ACPI: Executed 1 blocks of module-level executable AML code
[   28.864970] ACPI: Interpreter enabled
[   28.936240] ACPI: (supports S0 S5)
[   28.993181] ACPI: Using IOAPIC for interrupt routing
[   29.100666] PCI: Using host bridge windows from ACPI; if necessary, use "pci=nocrs" and report a bug
[   29.223035] ACPI: PCI Root Bridge [PCI0] (domain 0000 [bus 00-ff])
[   29.318357] acpi PNP0A03:00: _OSC: OS supports [ASPM ClockPM Segments MSI]
[   29.367870] acpi PNP0A03:00: _OSC: not requesting OS control; OS requires [ExtendedConfig ASPM ClockPM MSI]
[   29.403739] acpi PNP0A03:00: fail to add MMCONFIG information, can't access extended PCI configuration space under this bridge.
[   29.433493] PCI host bridge to bus 0000:00
[   29.444028] pci_bus 0000:00: root bus resource [io  0x0000-0x0cf7 window]
[   29.451581] pci_bus 0000:00: root bus resource [io  0x0d00-0xffff window]
[   29.455099] pci_bus 0000:00: root bus resource [mem 0x000a0000-0x000bffff window]
[   29.493846] pci_bus 0000:00: root bus resource [mem 0x40000000-0xffdfffff window]
[   29.523247] pci_bus 0000:00: root bus resource [bus 00-ff]
[   29.550746] pci 0000:00:01.1: legacy IDE quirk: reg 0x10: [io  0x01f0-0x01f7]
[   29.565585] pci 0000:00:01.1: legacy IDE quirk: reg 0x14: [io  0x03f6]
[   29.576268] pci 0000:00:01.1: legacy IDE quirk: reg 0x18: [io  0x0170-0x0177]
[   29.616254] pci 0000:00:01.1: legacy IDE quirk: reg 0x1c: [io  0x0376]
[   29.736352] pci 0000:00:07.0: quirk: [io  0x4000-0x403f] claimed by PIIX4 ACPI
[   29.883262] pci 0000:00:07.0: quirk: [io  0x4100-0x410f] claimed by PIIX4 SMB
[   29.996312] ACPI: PCI Interrupt Link [LNKA] (IRQs 5 9 10 *11)
[   30.096036] ACPI: PCI Interrupt Link [LNKB] (IRQs 5 9 10 *11)
[   30.224765] ACPI: PCI Interrupt Link [LNKC] (IRQs 5 9 *10 11)
[   30.325704] ACPI: PCI Interrupt Link [LNKD] (IRQs 5 *9 10 11)
[   30.380139] ACPI: Enabled 2 GPEs in block 00 to 07
[   30.461436] vgaarb: setting as boot device: PCI:0000:00:02.0
[   30.478049] vgaarb: device added: PCI:0000:00:02.0,decodes=io+mem,owns=io+mem,locks=none
[   30.612611] vgaarb: loaded
[   30.640218] vgaarb: bridge control possible 0000:00:02.0
[   30.729044] SCSI subsystem initialized
[   30.805291] ACPI: bus type USB registered
[   30.874830] usbcore: registered new interface driver usbfs
[   30.977912] usbcore: registered new interface driver hub
[   31.082797] usbcore: registered new device driver usb
[   31.151351] PCI: Using ACPI for IRQ routing
[   31.208521] NetLabel: Initializing
[   31.223712] NetLabel:  domain hash size = 128
[   31.251119] NetLabel:  protocols = UNLABELED CIPSOv4
[   31.280139] NetLabel:  unlabeled traffic allowed by default
[   31.405906] amd_nb: Cannot enumerate AMD northbridges
[   31.551962] clocksource: Switched to clocksource kvm-clock
[   31.711225] AppArmor: AppArmor Filesystem Enabled
[   31.833577] pnp: PnP ACPI init
[   31.888645] pnp: PnP ACPI: found 3 devices
[   31.917660] clocksource: acpi_pm: mask: 0xffffff max_cycles: 0xffffff, max_idle_ns: 2085701024 ns
[   32.039486] NET: Registered protocol family 2
[   32.119733] TCP established hash table entries: 8192 (order: 4, 65536 bytes)
[   32.285253] TCP bind hash table entries: 8192 (order: 5, 131072 bytes)
[   32.391837] TCP: Hash tables configured (established 8192 bind 8192)
[   32.565387] UDP hash table entries: 512 (order: 2, 16384 bytes)
[   32.728481] UDP-Lite hash table entries: 512 (order: 2, 16384 bytes)
[   32.890666] NET: Registered protocol family 1
[   32.985654] pci 0000:00:00.0: Limiting direct PCI/PCI transfers
[   33.143536] pci 0000:00:01.0: Activating ISA DMA hang workarounds
[   33.303812] Unpacking initramfs...
[   37.031580] Freeing initrd memory: 10844K
[   37.034558] platform rtc_cmos: registered platform RTC device (no PNP device found)
[   37.045072] Scanning for low memory corruption every 60 seconds
[   37.050207] audit: initializing netlink subsys (disabled)
[   37.065503] audit: type=2000 audit(1522663506.225:1): initialized
[   37.085136] Initialise system trusted keyring
[   37.087502] HugeTLB registered 2 MB page size, pre-allocated 0 pages
[   37.116741] zbud: loaded
[   37.132476] VFS: Disk quotas dquot_6.6.0
[   37.176717] VFS: Dquot-cache hash table entries: 512 (order 0, 4096 bytes)
[   37.181013] squashfs: version 4.0 (2009/01/31) Phillip Lougher
[   37.198603] fuse init (API version 7.23)
[   37.276833] Key type big_key registered
[   37.314457] Allocating IMA MOK and blacklist keyrings.
[   37.319467] Key type asymmetric registered
[   37.327219] Asymmetric key parser 'x509' registered
[   37.339395] Block layer SCSI generic (bsg) driver version 0.4 loaded (major 249)
[   37.458891] io scheduler noop registered
[   37.541676] io scheduler deadline registered (default)
[   37.589807] io scheduler cfq registered
[   37.667640] pci_hotplug: PCI Hot Plug PCI Core version: 0.5
[   37.756015] pciehp: PCI Express Hot Plug Controller Driver version: 0.4
[   37.865885] ACPI: AC Adapter [AC] (off-line)
[   37.949320] input: Power Button as /devices/LNXSYSTM:00/LNXPWRBN:00/input/input0
[   38.083762] tsc: Refined TSC clocksource calibration: 2302.800 MHz
[   38.118638] clocksource: tsc: mask: 0xffffffffffffffff max_cycles: 0x21318a73def, max_idle_ns: 440795314814 ns
[   38.118694] ACPI: Power Button [PWRF]
[   38.118866] input: Sleep Button as /devices/LNXSYSTM:00/LNXSLPBN:00/input/input1
[   38.118869] ACPI: Sleep Button [SLPF]
[   38.169929] GHES: HEST is not enabled!
[   38.170889] ACPI: Battery Slot [BAT0] (battery present)
[   38.448951] Serial: 8250/16550 driver, 32 ports, IRQ sharing enabled
[   38.512132] 00:02: ttyS0 at I/O 0x3f8 (irq = 4, base_baud = 115200) is a 16550A
[   38.671192] Linux agpgart interface v0.103
[   38.723256] loop: module loaded
[   38.783508] scsi host0: ata_piix
[   38.801983] scsi host1: ata_piix
[   38.822947] ata1: PATA max UDMA/33 cmd 0x1f0 ctl 0x3f6 bmdma 0xd000 irq 14
[   38.838358] ata2: PATA max UDMA/33 cmd 0x170 ctl 0x376 bmdma 0xd008 irq 15
[   38.863250] libphy: Fixed MDIO Bus: probed
[   38.896077] tun: Universal TUN/TAP device driver, 1.6
[   38.906770] tun: (C) 1999-2004 Max Krasnyansky <maxk@qualcomm.com>
[   38.967652] PPP generic driver version 2.4.2
[   39.009977] ehci_hcd: USB 2.0 'Enhanced' Host Controller (EHCI) Driver
[   39.062956] ehci-pci: EHCI PCI platform driver
[   39.109177] ehci-platform: EHCI generic platform driver
[   39.135506] ohci_hcd: USB 1.1 'Open' Host Controller (OHCI) Driver
[   39.186232] ohci-pci: OHCI PCI platform driver
[   39.203654] ohci-platform: OHCI generic platform driver
[   39.212924] uhci_hcd: USB Universal Host Controller Interface driver
[   39.237258] i8042: PNP: PS/2 Controller [PNP0303:PS2K,PNP0f03:PS2M] at 0x60,0x64 irq 1,12
[   39.247641] serio: i8042 KBD port at 0x60,0x64 irq 1
[   39.281270] serio: i8042 AUX port at 0x60,0x64 irq 12
[   39.301875] mousedev: PS/2 mouse device common for all mice
[   39.329041] rtc_cmos rtc_cmos: rtc core: registered rtc_cmos as rtc0
[   39.356994] input: AT Translated Set 2 keyboard as /devices/platform/i8042/serio0/input/input2
[   39.364307] rtc_cmos rtc_cmos: alarms up to one day, 114 bytes nvram
[   39.364331] i2c /dev entries driver
[   39.364422] device-mapper: uevent: version 1.0.3
[   39.384099] device-mapper: ioctl: 4.34.0-ioctl (2015-10-28) initialised: dm-devel@redhat.com
[   39.384136] ledtrig-cpu: registered to indicate activity on CPUs
[   39.404784] NET: Registered protocol family 10
[   39.405103] NET: Registered protocol family 17
[   39.405118] Key type dns_resolver registered
[   39.405383] microcode: CPU0 sig=0x406e3, pf=0x2, revision=0x0
[   39.406997] microcode: CPU1 sig=0x406e3, pf=0x2, revision=0x0
[   39.407080] microcode: Microcode Update Driver: v2.01 <tigran@aivazian.fsnet.co.uk>, Peter Oruba
[   39.407282] registered taskstats version 1
[   39.407302] Loading compiled-in X.509 certificates
[   39.408630] Loaded X.509 cert 'Build time autogenerated kernel key: aa84f01984fbd529c105810b59e379d349698248'
[   39.408676] zswap: loaded using pool lzo/zbud
[   39.411734] Key type trusted registered
[   39.417091] Key type encrypted registered
[   39.417101] AppArmor: AppArmor sha1 policy hashing enabled
[   39.417105] ima: No TPM chip found, activating TPM-bypass!
[   39.417137] evm: HMAC attrs: 0x1
[   39.417541]   Magic number: 14:707:71
[   39.426697] rtc_cmos rtc_cmos: setting system clock to 2018-04-02 10:05:34 UTC (1522663534)
[   39.426889] BIOS EDD facility v0.16 2004-Jun-25, 0 devices found
[   39.426890] EDD information not available.
[   40.432099] Freeing unused kernel memory: 1508K
[   40.536916] Write protecting the kernel read-only data: 14336k
[   40.641795] Freeing unused kernel memory: 1700K
[   40.763037] Freeing unused kernel memory: 104K
Loading, please wait...
startin[   40.890043] random: systemd-udevd: uninitialized urandom read (16 bytes read, 7 bits of entropy available)
g version 229
[   40.891042] random: udevadm: uninitialized urandom read (16 bytes read, 7 bits of entropy available)
[   40.891105] random: udevadm: uninitialized urandom read (16 bytes read, 7 bits of entropy available)
[   40.913911] random: udevadm: uninitialized urandom read (16 bytes read, 7 bits of entropy available)
[   40.914095] random: udevadm: uninitialized urandom read (16 bytes read, 7 bits of entropy available)
[   40.914350] random: udevadm: uninitialized urandom read (16 bytes read, 7 bits of entropy available)
[   40.914438] random: udevadm: uninitialized urandom read (16 bytes read, 7 bits of entropy available)
[   40.914522] random: udevadm: uninitialized urandom read (16 bytes read, 7 bits of entropy available)
[   40.914606] random: udevadm: uninitialized urandom read (16 bytes read, 7 bits of entropy available)
[   40.914687] random: udevadm: uninitialized urandom read (16 bytes read, 7 bits of entropy available)
[   42.814290] e1000: Intel(R) PRO/1000 Network Driver - version 7.3.21-k8-NAPI
[   42.848016] e1000: Copyright (c) 1999-2006 Intel Corporation.
[   42.872963] Fusion MPT base driver 3.04.20
[   42.892721] Copyright (c) 1999-2008 LSI Corporation
[   42.942928] Fusion MPT SPI Host driver 3.04.20
[   42.991874] AVX version of gcm_enc/dec engaged.
[   43.059027] AES CTR mode by8 optimization enabled
[   43.180556] input: ImExPS/2 Generic Explorer Mouse as /devices/platform/i8042/serio1/input/input4
[   43.420002] e1000 0000:00:03.0 eth0: (PCI:33MHz:32-bit) 02:74:f2:80:ad:a4
[   43.641133] e1000 0000:00:03.0 eth0: Intel(R) PRO/1000 Network Connection
[   43.799522] mptbase: ioc0: Initiating bringup
[   43.800067] e1000 0000:00:03.0 enp0s3: renamed from eth0
[   43.972495] ioc0: LSI53C1030 A0: Capabilities={Initiator}
[   44.178520] scsi host2: ioc0: LSI53C1030 A0, FwRev=00000000h, Ports=1, MaxQ=256, IRQ=20
[   44.384667] scsi 2:0:0:0: Direct-Access     VBOX     HARDDISK         1.0  PQ: 0 ANSI: 5
[   44.616949] scsi target2:0:0: Beginning Domain Validation
[   44.775932] scsi target2:0:0: Domain Validation skipping write tests
[   44.867416] scsi target2:0:0: Ending Domain Validation
[   44.945098] scsi target2:0:0: asynchronous
[   45.044447] scsi 2:0:1:0: Direct-Access     VBOX     HARDDISK         1.0  PQ: 0 ANSI: 5
[   45.208692] scsi target2:0:1: Beginning Domain Validation
[   45.219128] scsi target2:0:1: Domain Validation skipping write tests
[   45.233083] scsi target2:0:1: Ending Domain Validation
[   45.246805] scsi target2:0:1: asynchronous
[   45.278057] sd 2:0:0:0: [sda] 20971520 512-byte logical blocks: (10.7 GB/10.0 GiB)
[   45.278309] sd 2:0:0:0: Attached scsi generic sg0 type 0
[   45.279461] sd 2:0:1:0: Attached scsi generic sg1 type 0
[   45.279951] sd 2:0:1:0: [sdb] 20480 512-byte logical blocks: (10.5 MB/10.0 MiB)
[   45.280174] sd 2:0:1:0: [sdb] Write Protect is off
[   45.280305] sd 2:0:1:0: [sdb] Incomplete mode parameter data
[   45.280307] sd 2:0:1:0: [sdb] Assuming drive cache: write through
[   45.283628] sd 2:0:1:0: [sdb] Attached SCSI disk
[   45.628639] sd 2:0:0:0: [sda] Write Protect is off
[   45.704210] sd 2:0:0:0: [sda] Incomplete mode parameter data
[   45.802512] sd 2:0:0:0: [sda] Assuming drive cache: write through
[   45.842589]  sda: sda1
[   45.865818] floppy0: no floppy controllers found
[   45.899704] sd 2:0:0:0: [sda] Attached SCSI disk
Begin: Loading e[   47.577436] md: linear personality registered for level -1
ssential drivers[   47.715675] md: multipath personality registered for level -4
 ... [   47.797325] md: raid0 personality registered for level 0
[   47.863623] md: raid1 personality registered for level 1
[   48.044685] raid6: sse2x1   gen()  5008 MB/s
[   48.212168] raid6: sse2x1   xor()  3148 MB/s
[   48.340166] raid6: sse2x2   gen()  4856 MB/s
[   48.416686] raid6: sse2x2   xor()  3523 MB/s
[   48.500122] raid6: sse2x4   gen()  6004 MB/s
[   48.616866] raid6: sse2x4   xor()  4075 MB/s
[   48.670581] raid6: using algorithm sse2x4 gen() 6004 MB/s
[   48.712089] raid6: .... xor() 4075 MB/s, rmw enabled
[   48.757038] raid6: using ssse3x2 recovery algorithm
[   48.803914] xor: automatically using best checksumming function:
[   48.876536]    avx       : 11007.000 MB/sec
[   48.926014] async_tx: api initialized (async)
[   49.017232] md: raid6 personality registered for level 6
[   49.074939] md: raid5 personality registered for level 5
[   49.132317] md: raid4 personality registered for level 4
[   49.185675] md: raid10 personality registered for level 10
done.
Begin: Running /scripts/init-premount ... done.
Begin: Mounting root file syste[   49.272180] Btrfs loaded
m ... Begin: Running /scripts/local-top ... done[   49.329919] EXT4-fs (sda1): INFO: recovery required on readonly filesystem
.
Begin: Runnin[   49.384739] EXT4-fs (sda1): write access will be enabled during recovery
g /scripts/local-premount ... Scanning for Btrfs filesystems
done.
Warning: fsck not present, so skipping root file system
[   49.695031] EXT4-fs (sda1): recovery complete
[   49.811870] EXT4-fs (sda1): mounted filesystem with ordered data mode. Opts: (null)
done.
Begin: Running /scripts/local-bottom ... done.
Begin: Running /scripts/init-bottom ... done.
[   50.141543] random: nonblocking pool is initialized
[   50.219268] systemd[1]: systemd 229 running in system mode. (+PAM +AUDIT +SELINUX +IMA +APPARMOR +SMACK +SYSVINIT +UTMP +LIBCRYPTSETUP +GCRYPT +GNUTLS +ACL +XZ -LZ4 +SECCOMP +BLKID +ELFUTILS +KMOD -IDN)
[   50.400550] systemd[1]: Detected virtualization oracle.
[   50.451620] systemd[1]: Detected architecture x86-64.

Welcome to [1mUbuntu 16.04.4 LTS[0m!

[   50.553102] systemd[1]: Set hostname to <ubuntu-xenial>.
[   50.883610] systemd[1]: Started Trigger resolvconf update for networkd DNS.
[[0;32m  OK  [0m] Started Trigger resolvconf update for networkd DNS.
[   51.064962] systemd[1]: Listening on Syslog Socket.
[[0;32m  OK  [0m] Listening on Syslog Socket.
[   51.139516] systemd[1]: Listening on LVM2 metadata daemon socket.
[[0;32m  OK  [0m] Listening on LVM2 metadata daemon socket.
[   51.236439] systemd[1]: Listening on /dev/initctl Compatibility Named Pipe.
[[0;32m  OK  [0m] Listening on /dev/initctl Compatibility Named Pipe.
[   51.393139] systemd[1]: Created slice System Slice.
[[0;32m  OK  [0m] Created slice System Slice.
[   51.536916] systemd[1]: Set up automount Arbitrary Executable File Formats File System Automount Point.
[[0;32m  OK  [0m] Set up automount Arbitrary Executab...ats File System Automount Point.
[   51.749441] systemd[1]: Created slice system-serial\x2dgetty.slice.
[[0;32m  OK  [0m] Created slice system-serial\x2dgetty.slice.
[   51.858772] systemd[1]: Listening on udev Control Socket.
[[0;32m  OK  [0m] Listening on udev Control Socket.
[   51.948988] systemd[1]: Listening on Journal Audit Socket.
[[0;32m  OK  [0m] Listening on Journal Audit Socket.
[   52.028323] systemd[1]: Listening on Journal Socket (/dev/log).
[[0;32m  OK  [0m] Listening on Journal Socket (/dev/log).
[   52.128356] systemd[1]: Reached target User and Group Name Lookups.
[[0;32m  OK  [0m] Reached target User and Group Name Lookups.
[   52.232568] systemd[1]: Reached target Swap.
[[0;32m  OK  [0m] Reached target Swap.
[   52.308444] systemd[1]: Listening on Device-mapper event daemon FIFOs.
[[0;32m  OK  [0m] Listening on Device-mapper event daemon FIFOs.
[   52.405349] systemd[1]: Listening on Journal Socket.
[[0;32m  OK  [0m] Listening on Journal Socket.
[   52.496402] systemd[1]: Starting Create list of required static device nodes for the current kernel...
         Starting Create list of required st... nodes for the current kernel...
[   52.670227] systemd[1]: Starting Journal Service...
         Starting Journal Service...
[   52.800577] systemd[1]: Starting Uncomplicated firewall...
         Starting Uncomplicated firewall...
[   52.941301] systemd[1]: Starting Monitoring of LVM2 mirrors, snapshots etc. using dmeventd or progress polling...
         Starting Monitoring of LVM2 mirrors... dmeventd or progress polling...
[   53.120646] systemd[1]: Starting Remount Root and Kernel File Systems...
[   53.137385] EXT4-fs (sda1): re-mounted. Opts: (null)
         Starting Remount Root and Kernel File Systems...
[   53.296150] systemd[1]: Mounting Debug File System...
         Mounting Debug File System...
[   53.373464] systemd[1]: Created slice User and Session Slice.
[[0;32m  OK  [0m] Created slice User and Session Slice.
[   53.472761] systemd[1]: Reached target Slices.
[[0;32m  OK  [0m] Reached target Slices.
[   53.596434] systemd[1]: Starting Set console keymap...
         Starting Set console keymap...
[   53.742803] systemd[1]: Starting Nameserver information manager...
         Starting Nameserver information manager...
[   53.920667] systemd[1]: Mounting Huge Pages File System...
         Mounting Huge Pages File System...
[   54.033255] systemd[1]: Listening on udev Kernel Socket.
[[0;32m  OK  [0m] Listening on udev Kernel Socket.
[   54.145065] systemd[1]: Started Forward Password Requests to Wall Directory Watch.
[[0;32m  OK  [0m] Started Forward Password Requests to Wall Directory Watch.
[   54.352761] systemd[1]: Starting Load Kernel Modules...
         Startin[   54.391479] Loading iSCSI transport class v2.0-870.
g Load Kernel Mo[   54.485872] iscsi: registered transport (tcp)
dules...
[   54.572583] systemd[1]: Reached target Encrypted Volumes.
[[0;32m  OK  [0m] Reached targ[   54.669867] iscsi: registered transport (iser)
et Encrypted Volumes.
[   54.781175] systemd[1]: Listening on LVM2 poll daemon socket.
[[0;32m  OK  [0m] Listening on LVM2 poll daemon socket.
[   54.956531] systemd[1]: Mounting POSIX Message Queue File System...
         Mounting POSIX Message Queue File System...
[   55.070864] systemd[1]: Mounted Debug File System.
[[0;32m  OK  [0m] Mounted Debug File System.
[   55.160420] systemd[1]: Mounted POSIX Message Queue File System.
[[0;32m  OK  [0m] Mounted POSIX Message Queue File System.
[   55.228501] systemd[1]: Mounted Huge Pages File System.
[[0;32m  OK  [0m] Mounted Huge Pages File System.
[   55.332577] systemd[1]: Started Journal Service.
[[0;32m  OK  [0m] Started Journal Service.
[[0;32m  OK  [0m] Started Create list of required sta...ce nodes for the current kernel.
[[0;32m  OK  [0m] Started Uncomplicated firewall.
[[0;32m  OK  [0m] Started Remount Root and Kernel File Systems.
[[0;32m  OK  [0m] Started Set console keymap.
[[0;32m  OK  [0m] Started Load Kernel Modules.
[[0;32m  OK  [0m] Started Nameserver information manager.
[[0;32m  OK  [0m] Started LVM2 metadata daemon.
         Mounting FUSE Control File System...
         Starting Apply Kernel Variables...
         Starting Load/Save Random Seed...
         Starting Initial cloud-init job (pre-networking)...
         Starting udev Coldplug all Devices...
         Starting Create Static Device Nodes in /dev...
         Starting Flush Journal to Persistent Storage...
[[0;32m  OK  [0m] Mounted FUSE Control File System.
[[0;32m  OK  [0m] Started Monitoring of LVM2 mirrors,...ng dmeventd or progress polling.
[[0;32m  OK  [0m] Started Apply Kernel Variables.
[[0;32m  OK  [0m] Started Load/Save Random Seed.
[[0;32m  OK  [0m] Started Create Static Device Nodes in /dev.
[[0;32m  OK  [0m] Started udev Coldplug all Devices.
[[0;32m  OK  [0m] Started Flush Journal to Persistent Storage.
         Starting udev Kernel Device Manager...
[[0;32m  OK  [0m] Started udev Kernel Device Manager.
[[0;32m  OK  [0m] Reached target Local File Systems (Pre).
[[0;32m  OK  [0m] Reached target Local File Systems.
         Starting LSB: AppArmor initialization...
         Starting Create Volatile Files and Directories...
         Starting Tell Plymouth To Write Out Runtime Data...
         Starting Set console font and keymap...
[[0;32m  OK  [0m] Started Dispatch Password Requests to Console Directory Watch.
[[0;32m  OK  [0m] Started Create Volatile Files and Directories.
[[0;32m  OK  [0m] Started Tell Plymouth To Write Out Runtime Data.
[   27.675153] cloud-init[451]: Cloud-init v. 17.2 running 'init-local' at Mon, 02 Apr 2018 10:05:52 +0000. Up 26.87 seconds.
[[0;32m  OK  [0m] Started Initial cloud-init job (pre-networking).
[[0;32m  OK  [0m] Found device /dev/ttyS0.
[[0;32m  OK  [0m] Started LSB: AppArmor initialization.
[[0;32m  OK  [0m] Listening on Load/Save RF Kill Switch Status /dev/rfkill Watch.
[[0;32m  OK  [0m] Reached target Network (Pre).
         Starting Raise network interfaces...
[[0;32m  OK  [0m] Started ifup for enp0s3.
[[0;32m  OK  [0m] Reached target System Time Synchronized.
         Starting Update UTMP about System Boot/Shutdown...
[[0;32m  OK  [0m] Started Set console font and keymap.
[[0;32m  OK  [0m] Started Update UTMP about System Boot/Shutdown.
[[0;32m  OK  [0m] Created slice system-getty.slice.
[[0;32m  OK  [0m] Started Raise network interfaces.
         Starting Initial cloud-init job (metadata service crawler)...
[[0;32m  OK  [0m] Reached target Network.
[   31.397577] cloud-init[970]: Cloud-init v. 17.2 running 'init' at Mon, 02 Apr 2018 10:05:56 +0000. Up 30.62 seconds.
[   31.560932] [cloud-init[0;32m  OK  [0m[970]: ] ci-info: +++++++++++++++++++++++++++++++++++++Net device info++++++++++++++++++++++++++++++++++++++Started Initial cloud-init job (metadata service crawler).

[   31.561645] cloud-init[970]: ci-info: +--------+------+----------------------------+---------------+-------+-------------------+
[   31.999024] cloud-init[970]: ci-info: | Device |  Up  |          Address           |      Mask     | Scope |     Hw-Address    |
[[0;32m  OK  [0m] Reached target System Initialization.
[   32.000950] cloud-init[970]: ci-info: +--------+------+----------------------------+---------------+-------+-------------------+
[[0;32m  OK  [0m] Listening on UUID daemon activation socket.
[   32.225098] [cloud-init[0;32m  OK  [0m[970]: ] ci-info: | enp0s3 | True |         10.0.2.15          | 255.255.255.0 |   .   | 02:74:f2:80:ad:a4 |Started Daily Cleanup of Temporary Directories.

[   32.689074]          cloud-initStarting LXD - unix socket.[970]: 
ci-info: | enp0s3 | True | fe80::74:f2ff:fe80:ada4/64 |       .       |  link | 02:74:f2:80:ad:a4 |
[   32.897701]          cloud-initStarting Socket activation for snappy daemon.[970]: 
ci-info: |   lo   | True |         127.0.0.1          |   255.0.0.0   |   .   |         .         |
[   33.157310] [cloud-init[0;32m  OK  [0m[970]: ] ci-info: |   lo   | True |          ::1/128           |       .       |  host |         .         |Listening on ACPID Listen Socket.

[   33.158505] cloud-init[970]: ci-info: +--------+------+----------------------------+---------------+-------+-------------------+
[   33.528963] [cloud-init[0;32m  OK  [0m[970]: ] ci-info: +++++++++++++++++++++++++++Route IPv4 info++++++++++++++++++++++++++++Started ACPI Events Check.

[[0;32m  OK  [0m] Reached target Paths.
[[0;32m  OK  [0m] Listening on D-Bus System Message Bus Socket.
[   33.529559] cloud-init[970]: ci-info: +-------+-------------+----------+---------------+-----------+-------+
[   33.964585] [cloud-init[0;32m  OK  [0m[970]: ] ci-info: | Route | Destination | Gateway  |    Genmask    | Interface | Flags |Started Daily apt download activities.

[   33.965595] [cloud-init[0;32m  OK  [0m[970]: ] ci-info: +-------+-------------+----------+---------------+-----------+-------+Started Daily apt upgrade and clean activities.

[   34.384910] [cloud-init[0;32m  OK  [0m[970]: ] ci-info: |   0   |   0.0.0.0   | 10.0.2.2 |    0.0.0.0    |   enp0s3  |   UG  |Started Timer to automatically refresh installed snaps.

[   34.608957] [cloud-init[0;32m  OK  [0m[970]: ] ci-info: |   1   |   10.0.2.0  | 0.0.0.0  | 255.255.255.0 |   enp0s3  |   U   |Reached target Timers.

[   34.808767] [cloud-init[0;32m  OK  [0m[970]: ] ci-info: +-------+-------------+----------+---------------+-----------+-------+Reached target Network is Online.

         Starting iSCSI initiator daemon (iscsid)...
[[0;32m  OK  [0m] Reached target Cloud-config availability.
[[0;32m  OK  [0m] Listening on LXD - unix socket.
[[0;32m  OK  [0m] Listening on Socket activation for snappy daemon.
[[0;32m  OK  [0m] Started iSCSI initiator daemon (iscsid).
         Starting Login to default iSCSI targets...
[[0;32m  OK  [0m] Reached target Sockets.
[[0;32m  OK  [0m] Reached target Basic System.
         Starting Accounts Service...
[[0;32m  OK  [0m] Started Regular background program processing daemon.
         Starting LSB: Record successful boot for GRUB...
[[0;32m  OK  [0m] Started FUSE filesystem for LXC.
         Starting Apply the settings specified in cloud-config...
         Starting /etc/rc.local Compatibility...
[[0;32m  OK  [0m] Started ACPI event daemon.
         Starting OpenBSD Secure Shell server...
[[0;32m  OK  [0m] Started D-Bus System Message Bus.
         Starting Login Service...
         Starting System Logging Service...
         Starting Snappy daemon...
         Starting LSB: MD monitoring daemon...
[[0;32m  OK  [0m] Started Deferred execution scheduler.
[[0;32m  OK  [0m] Started Unattended Upgrades Shutdown.
         Starting LXD - container startup/shutdown...
[[0;32m  OK  [0m] Started OpenBSD Secure Shell server.
[   36.766088] [cloud-init[0;32m  OK  [0m[1047]: ] Cloud-init v. 17.2 running 'modules:config' at Mon, 02 Apr 2018 10:06:02 +0000. Up 36.51 seconds.Started System Logging Service.

[[0;32m  OK  [0m] Started Snappy daemon.
[[0;32m  OK  [0m] Started Apply the settings specified in cloud-config.
[[0;32m  OK  [0m] Started /etc/rc.local Compatibility.
[[0;32m  OK  [0m] Started LXD - container startup/shutdown.
[[0;32m  OK  [0m] Started Login to default iSCSI targets.
[[0;32m  OK  [0m] Started LSB: Record successful boot for GRUB.
[[0;32m  OK  [0m] Started LSB: MD monitoring daemon.
         Starting Authenticate and Authorize Users to Run Privileged Tasks...
[[0;32m  OK  [0m] Reached target Remote File Systems (Pre).
[[0;32m  OK  [0m] Reached target Remote File Systems.
         Starting Permit User Sessions...
         Starting LSB: Set the CPU Frequency Scaling governor to "ondemand"...
         Starting LSB: automatic crash report generation...
         Starting LSB: VirtualBox Linux Additions...
         Starting LSB: daemon to balance interrupts for SMP systems...
[[0;32m  OK  [0m] Started Permit User Sessions.
[[0;32m  OK  [0m] Started Login Service.
[[0;32m  OK  [0m] Started Authenticate and Authorize Users to Run Privileged Tasks.
[[0;32m  OK  [0m] Started Accounts Service.
[[0;32m  OK  [0m] Created slice User Slice of vagrant.
[[0;32m  OK  [0m] Started Session 1 of user vagrant.
         Starting User Manager for UID 1000...
         Starting Terminate Plymouth Boot Screen...
         Starting Hold until boot process finishes up...
[[0;32m  OK  [0m] Started User Manager for UID 1000.
[[0;32m  OK  [0m] Started LSB: Set the CPU Frequency Scaling governor to "ondemand".
[[0;32m  OK  [0m] Started LSB: automatic crash report generation.
[[0;32m  OK  [0m] Started LSB: VirtualBox Linux Additions.
[[0;32m  OK  [0m] Started LSB: daemon to balance interrupts for SMP systems.
[[0;32m  OK  [0m] Started Terminate Plymouth Boot Screen.
[[0;32m  OK  [0m] Started Hold until boot process finishes up.
         Starting Set console scheme...
[[0;32m  OK  [0m] Started Serial Getty on ttyS0.
[[0;32m  OK  [0m] Started Getty on tty1.
[[0;32m  OK  [0m] Reached target Login Prompts.
[[0;32m  OK  [0m] Reached target Multi-User System.
         Starting Execute cloud user/final scripts...
[[0;32m  OK  [0m] Reached target Graphical Interface.
         Starting Update UTMP about System Runlevel Changes...
[[0;32m  OK  [0m] Started Set console scheme.
[[0;32m  OK  [0m] Started Update UTMP about System Runlevel Changes.
[   41.205329] cloud-init[1215]: Cloud-init v. 17.2 running 'modules:final' at Mon, 02 Apr 2018 10:06:06 +0000. Up 40.80 seconds.
[   41.345368] cloud-init[1215]: Cloud-init v. 17.2 finished at Mon, 02 Apr 2018 10:06:06 +0000. Datasource DataSourceNoCloud [seed=/dev/sdb][dsmode=net].  Up 41.19 seconds
[[0;32m  OK  [0m] Started Execute cloud user/final scripts.
[[0;32m  OK  [0m] Reached target Cloud-init target.

Ubuntu 16.04.4 LTS ubuntu-xenial ttyS0

ubuntu-xenial login: 